<?xml version="1.0" encoding="UTF-8"?>
<!-- Generated by org.testng.reporters.JUnitReportReporter -->
<testsuite hostname="KVKM" name="Academy.HomePage" tests="1" failures="0" timestamp="1 Jan 2018 19:58:24 GMT" time="62.694" errors="0">
  <testcase name="basePageNavigation" time="62.694" classname="Academy.HomePage"/>
</testsuite> <!-- Academy.HomePage -->
